24-09-13.20:50:56.481 [main            ] INFO  RaffleStrategyTest     - Starting RaffleStrategyTest using Java 1.8.0_391 on baicaipaoshuideMacBook-Pro.local with PID 37200 (started by baicaipaoshui in /Users/baicaipaoshui/Desktop/project1/marketing-services-app)
24-09-13.20:50:56.481 [main            ] INFO  RaffleStrategyTest     - The following 1 profile is active: "dev"
24-09-13.20:50:56.951 [main            ] INFO  RepositoryConfigurationDelegate - Multiple Spring Data modules found, entering strict repository configuration mode
24-09-13.20:50:56.953 [main            ] INFO  RepositoryConfigurationDelegate - Bootstrapping Spring Data Redis repositories in DEFAULT mode.
24-09-13.20:50:56.969 [main            ] INFO  RepositoryConfigurationDelegate - Finished Spring Data repository scanning in 8 ms. Found 0 Redis repository interfaces.
24-09-13.20:50:57.640 [main            ] INFO  Version                - Redisson 3.23.4
24-09-13.20:50:57.674 [main            ] WARN  DnsServerAddressStreamProviders - Can not find io.netty.resolver.dns.macos.MacOSDnsServerAddressStreamProvider in the classpath, fallback to system defaults. This may result in incorrect DNS resolutions on MacOS. Check whether you have a dependency on 'io.netty:netty-resolver-dns-native-macos'
24-09-13.20:50:57.806 [redisson-netty-2-4] INFO  MasterPubSubConnectionPool - 1 connections initialized for 127.0.0.1/127.0.0.1:6379
24-09-13.20:50:57.813 [redisson-netty-2-13] INFO  MasterConnectionPool   - 5 connections initialized for 127.0.0.1/127.0.0.1:6379
24-09-13.20:50:58.552 [main            ] INFO  EndpointLinksResolver  - Exposing 1 endpoint(s) beneath base path '/actuator'
24-09-13.20:50:58.580 [main            ] INFO  RaffleStrategyTest     - Started RaffleStrategyTest in 2.282 seconds (JVM running for 2.666)
24-09-13.20:50:58.945 [main            ] INFO  StrategyArmoryDispatch - 策略实体: {"ruleModels":"rule_blacklist,rule_weight","ruleWeight":"rule_weight","strategyDesc":"抽奖策略","strategyId":100001}
24-09-13.20:50:58.953 [main            ] INFO  HikariDataSource       - HikariPool-1 - Starting...
24-09-13.20:50:59.191 [main            ] INFO  HikariDataSource       - HikariPool-1 - Start completed.
24-09-13.20:50:59.236 [main            ] INFO  RaffleStrategyTest     - 测试结果：true
24-09-13.20:50:59.244 [main            ] INFO  StrategyArmoryDispatch - 策略实体: {"strategyDesc":"抽奖策略-规则树","strategyId":100006}
24-09-13.20:50:59.244 [main            ] WARN  StrategyArmoryDispatch - 策略 100006 没有权重配置，直接返回
24-09-13.20:50:59.244 [main            ] INFO  RaffleStrategyTest     - 测试结果：true
24-09-13.20:50:59.246 [main            ] INFO  DefaultLogicChain      - 抽奖责任链-默认处理 userId: xiaofuge strategyId: 100006 ruleModel: rule_default awardId: 102
24-09-13.20:50:59.247 [main            ] INFO  AbstractRaffleStrategy - 抽奖策略计算-责任链 xiaofuge 100006 102 rule_default
24-09-13.20:50:59.251 [main            ] INFO  DecisionTreeEngine     - 决策树引擎【规则树】treeId:tree_lock node:rule_lock code:0000
24-09-13.20:50:59.251 [main            ] INFO  DecisionTreeEngine     - 决策树引擎【规则树】treeId:tree_lock node:rule_stock code:0001
24-09-13.20:50:59.252 [main            ] INFO  DecisionTreeEngine     - 决策树引擎【规则树】treeId:tree_lock node:rule_luck_award code:0001
24-09-13.20:50:59.252 [main            ] INFO  AbstractRaffleStrategy - 抽奖策略计算-规则树 xiaofuge 100006 101 1,100
24-09-13.20:50:59.254 [main            ] INFO  RaffleStrategyTest     - 请求参数：{"strategyId":100006,"userId":"xiaofuge"}
24-09-13.20:50:59.256 [main            ] INFO  RaffleStrategyTest     - 测试结果：{"awardConfig":"1,100","awardId":101}
24-09-13.20:50:59.272 [SpringApplicationShutdownHook] INFO  HikariDataSource       - HikariPool-1 - Shutdown initiated...
24-09-13.20:50:59.274 [SpringApplicationShutdownHook] INFO  HikariDataSource       - HikariPool-1 - Shutdown completed.
